[2025-05-31T09:55:30.844+0000] {processor.py:186} INFO - Started process (PID=74) to work on /opt/airflow/dags/fraud_detection_training_dag.py
[2025-05-31T09:55:30.849+0000] {processor.py:914} INFO - Processing file /opt/airflow/dags/fraud_detection_training_dag.py for tasks to queue
[2025-05-31T09:55:30.860+0000] {logging_mixin.py:190} INFO - [2025-05-31T09:55:30.853+0000] {dagbag.py:588} INFO - Filling up the DagBag from /opt/airflow/dags/fraud_detection_training_dag.py
[2025-05-31T09:55:30.923+0000] {processor.py:925} INFO - DAG(s) 'fraud_detection_training' retrieved from /opt/airflow/dags/fraud_detection_training_dag.py
[2025-05-31T09:55:34.674+0000] {logging_mixin.py:190} INFO - [2025-05-31T09:55:34.673+0000] {dag.py:3239} INFO - Sync 1 DAGs
[2025-05-31T09:55:34.884+0000] {logging_mixin.py:190} INFO - [2025-05-31T09:55:34.880+0000] {dag.py:4180} INFO - Setting next_dagrun for fraud_detection_training to 2025-05-31 03:00:00+00:00, run_after=2025-06-01 03:00:00+00:00
[2025-05-31T09:55:35.009+0000] {processor.py:208} INFO - Processing /opt/airflow/dags/fraud_detection_training_dag.py took 4.183 seconds
[2025-05-31T09:56:05.329+0000] {processor.py:186} INFO - Started process (PID=81) to work on /opt/airflow/dags/fraud_detection_training_dag.py
[2025-05-31T09:56:05.330+0000] {processor.py:914} INFO - Processing file /opt/airflow/dags/fraud_detection_training_dag.py for tasks to queue
[2025-05-31T09:56:05.336+0000] {logging_mixin.py:190} INFO - [2025-05-31T09:56:05.333+0000] {dagbag.py:588} INFO - Filling up the DagBag from /opt/airflow/dags/fraud_detection_training_dag.py
[2025-05-31T09:56:05.417+0000] {processor.py:925} INFO - DAG(s) 'fraud_detection_training' retrieved from /opt/airflow/dags/fraud_detection_training_dag.py
[2025-05-31T09:56:05.482+0000] {logging_mixin.py:190} INFO - [2025-05-31T09:56:05.482+0000] {dag.py:3239} INFO - Sync 1 DAGs
[2025-05-31T09:56:05.536+0000] {logging_mixin.py:190} INFO - [2025-05-31T09:56:05.535+0000] {dag.py:4180} INFO - Setting next_dagrun for fraud_detection_training to 2025-05-31 03:00:00+00:00, run_after=2025-06-01 03:00:00+00:00
[2025-05-31T09:56:05.566+0000] {processor.py:208} INFO - Processing /opt/airflow/dags/fraud_detection_training_dag.py took 0.247 seconds
[2025-05-31T09:56:35.819+0000] {processor.py:186} INFO - Started process (PID=88) to work on /opt/airflow/dags/fraud_detection_training_dag.py
[2025-05-31T09:56:35.821+0000] {processor.py:914} INFO - Processing file /opt/airflow/dags/fraud_detection_training_dag.py for tasks to queue
[2025-05-31T09:56:35.824+0000] {logging_mixin.py:190} INFO - [2025-05-31T09:56:35.823+0000] {dagbag.py:588} INFO - Filling up the DagBag from /opt/airflow/dags/fraud_detection_training_dag.py
[2025-05-31T09:56:35.853+0000] {processor.py:925} INFO - DAG(s) 'fraud_detection_training' retrieved from /opt/airflow/dags/fraud_detection_training_dag.py
[2025-05-31T09:56:35.894+0000] {logging_mixin.py:190} INFO - [2025-05-31T09:56:35.893+0000] {dag.py:3239} INFO - Sync 1 DAGs
[2025-05-31T09:56:35.936+0000] {logging_mixin.py:190} INFO - [2025-05-31T09:56:35.935+0000] {dag.py:4180} INFO - Setting next_dagrun for fraud_detection_training to 2025-05-31 03:00:00+00:00, run_after=2025-06-01 03:00:00+00:00
[2025-05-31T09:56:35.973+0000] {processor.py:208} INFO - Processing /opt/airflow/dags/fraud_detection_training_dag.py took 0.162 seconds
[2025-05-31T09:57:06.172+0000] {processor.py:186} INFO - Started process (PID=95) to work on /opt/airflow/dags/fraud_detection_training_dag.py
[2025-05-31T09:57:06.173+0000] {processor.py:914} INFO - Processing file /opt/airflow/dags/fraud_detection_training_dag.py for tasks to queue
[2025-05-31T09:57:06.175+0000] {logging_mixin.py:190} INFO - [2025-05-31T09:57:06.175+0000] {dagbag.py:588} INFO - Filling up the DagBag from /opt/airflow/dags/fraud_detection_training_dag.py
[2025-05-31T09:57:06.212+0000] {processor.py:925} INFO - DAG(s) 'fraud_detection_training' retrieved from /opt/airflow/dags/fraud_detection_training_dag.py
[2025-05-31T09:57:06.255+0000] {logging_mixin.py:190} INFO - [2025-05-31T09:57:06.254+0000] {dag.py:3239} INFO - Sync 1 DAGs
[2025-05-31T09:57:06.314+0000] {logging_mixin.py:190} INFO - [2025-05-31T09:57:06.313+0000] {dag.py:4180} INFO - Setting next_dagrun for fraud_detection_training to 2025-05-31 03:00:00+00:00, run_after=2025-06-01 03:00:00+00:00
[2025-05-31T09:57:06.345+0000] {processor.py:208} INFO - Processing /opt/airflow/dags/fraud_detection_training_dag.py took 0.182 seconds
[2025-05-31T09:57:36.762+0000] {processor.py:186} INFO - Started process (PID=102) to work on /opt/airflow/dags/fraud_detection_training_dag.py
[2025-05-31T09:57:36.763+0000] {processor.py:914} INFO - Processing file /opt/airflow/dags/fraud_detection_training_dag.py for tasks to queue
[2025-05-31T09:57:36.764+0000] {logging_mixin.py:190} INFO - [2025-05-31T09:57:36.764+0000] {dagbag.py:588} INFO - Filling up the DagBag from /opt/airflow/dags/fraud_detection_training_dag.py
[2025-05-31T09:57:36.798+0000] {processor.py:925} INFO - DAG(s) 'fraud_detection_training' retrieved from /opt/airflow/dags/fraud_detection_training_dag.py
[2025-05-31T09:57:36.827+0000] {logging_mixin.py:190} INFO - [2025-05-31T09:57:36.827+0000] {dag.py:3239} INFO - Sync 1 DAGs
[2025-05-31T09:57:36.861+0000] {logging_mixin.py:190} INFO - [2025-05-31T09:57:36.861+0000] {dag.py:4180} INFO - Setting next_dagrun for fraud_detection_training to 2025-05-31 03:00:00+00:00, run_after=2025-06-01 03:00:00+00:00
[2025-05-31T09:57:36.885+0000] {processor.py:208} INFO - Processing /opt/airflow/dags/fraud_detection_training_dag.py took 0.129 seconds
[2025-05-31T09:58:06.998+0000] {processor.py:186} INFO - Started process (PID=109) to work on /opt/airflow/dags/fraud_detection_training_dag.py
[2025-05-31T09:58:06.999+0000] {processor.py:914} INFO - Processing file /opt/airflow/dags/fraud_detection_training_dag.py for tasks to queue
[2025-05-31T09:58:07.001+0000] {logging_mixin.py:190} INFO - [2025-05-31T09:58:07.000+0000] {dagbag.py:588} INFO - Filling up the DagBag from /opt/airflow/dags/fraud_detection_training_dag.py
[2025-05-31T09:58:07.024+0000] {processor.py:925} INFO - DAG(s) 'fraud_detection_training' retrieved from /opt/airflow/dags/fraud_detection_training_dag.py
[2025-05-31T09:58:07.056+0000] {logging_mixin.py:190} INFO - [2025-05-31T09:58:07.056+0000] {dag.py:3239} INFO - Sync 1 DAGs
[2025-05-31T09:58:07.087+0000] {logging_mixin.py:190} INFO - [2025-05-31T09:58:07.087+0000] {dag.py:4180} INFO - Setting next_dagrun for fraud_detection_training to 2025-05-31 03:00:00+00:00, run_after=2025-06-01 03:00:00+00:00
[2025-05-31T09:58:07.110+0000] {processor.py:208} INFO - Processing /opt/airflow/dags/fraud_detection_training_dag.py took 0.127 seconds
[2025-05-31T09:58:37.313+0000] {processor.py:186} INFO - Started process (PID=117) to work on /opt/airflow/dags/fraud_detection_training_dag.py
[2025-05-31T09:58:37.314+0000] {processor.py:914} INFO - Processing file /opt/airflow/dags/fraud_detection_training_dag.py for tasks to queue
[2025-05-31T09:58:37.316+0000] {logging_mixin.py:190} INFO - [2025-05-31T09:58:37.316+0000] {dagbag.py:588} INFO - Filling up the DagBag from /opt/airflow/dags/fraud_detection_training_dag.py
[2025-05-31T09:58:37.338+0000] {processor.py:925} INFO - DAG(s) 'fraud_detection_training' retrieved from /opt/airflow/dags/fraud_detection_training_dag.py
[2025-05-31T09:58:37.368+0000] {logging_mixin.py:190} INFO - [2025-05-31T09:58:37.368+0000] {dag.py:3239} INFO - Sync 1 DAGs
[2025-05-31T09:58:37.400+0000] {logging_mixin.py:190} INFO - [2025-05-31T09:58:37.400+0000] {dag.py:4180} INFO - Setting next_dagrun for fraud_detection_training to 2025-05-31 03:00:00+00:00, run_after=2025-06-01 03:00:00+00:00
[2025-05-31T09:58:37.423+0000] {processor.py:208} INFO - Processing /opt/airflow/dags/fraud_detection_training_dag.py took 0.117 seconds
[2025-05-31T10:11:15.009+0000] {processor.py:186} INFO - Started process (PID=75) to work on /opt/airflow/dags/fraud_detection_training_dag.py
[2025-05-31T10:11:15.013+0000] {processor.py:914} INFO - Processing file /opt/airflow/dags/fraud_detection_training_dag.py for tasks to queue
[2025-05-31T10:11:15.023+0000] {logging_mixin.py:190} INFO - [2025-05-31T10:11:15.022+0000] {dagbag.py:588} INFO - Filling up the DagBag from /opt/airflow/dags/fraud_detection_training_dag.py
[2025-05-31T10:11:15.112+0000] {processor.py:925} INFO - DAG(s) 'fraud_detection_training' retrieved from /opt/airflow/dags/fraud_detection_training_dag.py
[2025-05-31T10:11:15.211+0000] {logging_mixin.py:190} INFO - [2025-05-31T10:11:15.210+0000] {dag.py:3239} INFO - Sync 1 DAGs
[2025-05-31T10:11:15.282+0000] {logging_mixin.py:190} INFO - [2025-05-31T10:11:15.281+0000] {dag.py:4180} INFO - Setting next_dagrun for fraud_detection_training to 2025-05-31 03:00:00+00:00, run_after=2025-06-01 03:00:00+00:00
[2025-05-31T10:11:15.376+0000] {processor.py:208} INFO - Processing /opt/airflow/dags/fraud_detection_training_dag.py took 0.382 seconds
[2025-05-31T10:11:45.648+0000] {processor.py:186} INFO - Started process (PID=82) to work on /opt/airflow/dags/fraud_detection_training_dag.py
[2025-05-31T10:11:45.648+0000] {processor.py:914} INFO - Processing file /opt/airflow/dags/fraud_detection_training_dag.py for tasks to queue
[2025-05-31T10:11:45.651+0000] {logging_mixin.py:190} INFO - [2025-05-31T10:11:45.651+0000] {dagbag.py:588} INFO - Filling up the DagBag from /opt/airflow/dags/fraud_detection_training_dag.py
[2025-05-31T10:11:45.680+0000] {processor.py:925} INFO - DAG(s) 'fraud_detection_training' retrieved from /opt/airflow/dags/fraud_detection_training_dag.py
[2025-05-31T10:11:45.730+0000] {logging_mixin.py:190} INFO - [2025-05-31T10:11:45.729+0000] {dag.py:3239} INFO - Sync 1 DAGs
[2025-05-31T10:11:45.857+0000] {logging_mixin.py:190} INFO - [2025-05-31T10:11:45.857+0000] {dag.py:4180} INFO - Setting next_dagrun for fraud_detection_training to 2025-05-31 03:00:00+00:00, run_after=2025-06-01 03:00:00+00:00
[2025-05-31T10:11:45.892+0000] {processor.py:208} INFO - Processing /opt/airflow/dags/fraud_detection_training_dag.py took 0.253 seconds
[2025-05-31T10:12:16.136+0000] {processor.py:186} INFO - Started process (PID=89) to work on /opt/airflow/dags/fraud_detection_training_dag.py
[2025-05-31T10:12:16.137+0000] {processor.py:914} INFO - Processing file /opt/airflow/dags/fraud_detection_training_dag.py for tasks to queue
[2025-05-31T10:12:16.139+0000] {logging_mixin.py:190} INFO - [2025-05-31T10:12:16.139+0000] {dagbag.py:588} INFO - Filling up the DagBag from /opt/airflow/dags/fraud_detection_training_dag.py
[2025-05-31T10:12:16.163+0000] {processor.py:925} INFO - DAG(s) 'fraud_detection_training' retrieved from /opt/airflow/dags/fraud_detection_training_dag.py
[2025-05-31T10:12:16.199+0000] {logging_mixin.py:190} INFO - [2025-05-31T10:12:16.198+0000] {dag.py:3239} INFO - Sync 1 DAGs
[2025-05-31T10:12:16.235+0000] {logging_mixin.py:190} INFO - [2025-05-31T10:12:16.235+0000] {dag.py:4180} INFO - Setting next_dagrun for fraud_detection_training to 2025-05-31 03:00:00+00:00, run_after=2025-06-01 03:00:00+00:00
[2025-05-31T10:12:16.260+0000] {processor.py:208} INFO - Processing /opt/airflow/dags/fraud_detection_training_dag.py took 0.131 seconds
[2025-05-31T13:36:25.369+0000] {processor.py:186} INFO - Started process (PID=82) to work on /opt/airflow/dags/fraud_detection_training_dag.py
[2025-05-31T13:36:25.373+0000] {processor.py:914} INFO - Processing file /opt/airflow/dags/fraud_detection_training_dag.py for tasks to queue
[2025-05-31T13:36:25.381+0000] {logging_mixin.py:190} INFO - [2025-05-31T13:36:25.378+0000] {dagbag.py:588} INFO - Filling up the DagBag from /opt/airflow/dags/fraud_detection_training_dag.py
[2025-05-31T13:36:25.655+0000] {processor.py:925} INFO - DAG(s) 'fraud_detection_training' retrieved from /opt/airflow/dags/fraud_detection_training_dag.py
[2025-05-31T13:36:26.359+0000] {logging_mixin.py:190} INFO - [2025-05-31T13:36:26.355+0000] {dag.py:3239} INFO - Sync 1 DAGs
[2025-05-31T13:36:26.644+0000] {logging_mixin.py:190} INFO - [2025-05-31T13:36:26.643+0000] {dag.py:4180} INFO - Setting next_dagrun for fraud_detection_training to 2025-05-31 03:00:00+00:00, run_after=2025-06-01 03:00:00+00:00
[2025-05-31T13:36:26.867+0000] {processor.py:208} INFO - Processing /opt/airflow/dags/fraud_detection_training_dag.py took 1.525 seconds
[2025-05-31T13:36:57.668+0000] {processor.py:186} INFO - Started process (PID=89) to work on /opt/airflow/dags/fraud_detection_training_dag.py
[2025-05-31T13:36:57.676+0000] {processor.py:914} INFO - Processing file /opt/airflow/dags/fraud_detection_training_dag.py for tasks to queue
[2025-05-31T13:36:57.707+0000] {logging_mixin.py:190} INFO - [2025-05-31T13:36:57.702+0000] {dagbag.py:588} INFO - Filling up the DagBag from /opt/airflow/dags/fraud_detection_training_dag.py
[2025-05-31T13:36:58.365+0000] {processor.py:925} INFO - DAG(s) 'fraud_detection_training' retrieved from /opt/airflow/dags/fraud_detection_training_dag.py
[2025-05-31T13:36:59.203+0000] {logging_mixin.py:190} INFO - [2025-05-31T13:36:59.201+0000] {dag.py:3239} INFO - Sync 1 DAGs
