[2025-03-03T23:52:26.504+0000] {local_task_job_runner.py:123} INFO - ::group::Pre task execution logs
[2025-03-03T23:52:26.565+0000] {taskinstance.py:2614} INFO - Dependencies all met for dep_context=non-requeueable deps ti=<TaskInstance: fraud_detection_training.execute_training manual__2025-03-03T23:52:22.517644+00:00 [queued]>
[2025-03-03T23:52:26.575+0000] {taskinstance.py:2614} INFO - Dependencies all met for dep_context=requeueable deps ti=<TaskInstance: fraud_detection_training.execute_training manual__2025-03-03T23:52:22.517644+00:00 [queued]>
[2025-03-03T23:52:26.575+0000] {taskinstance.py:2867} INFO - Starting attempt 1 of 1
[2025-03-03T23:52:26.600+0000] {taskinstance.py:2890} INFO - Executing <Task(PythonOperator): execute_training> on 2025-03-03 23:52:22.517644+00:00
[2025-03-03T23:52:26.603+0000] {warnings.py:112} WARNING - /home/***/.local/lib/python3.12/site-packages/***/task/task_runner/standard_task_runner.py:70: DeprecationWarning: This process (pid=5740) is multi-threaded, use of fork() may lead to deadlocks in the child.
  pid = os.fork()

[2025-03-03T23:52:26.604+0000] {standard_task_runner.py:72} INFO - Started process 5741 to run task
[2025-03-03T23:52:26.605+0000] {standard_task_runner.py:104} INFO - Running: ['***', 'tasks', 'run', 'fraud_detection_training', 'execute_training', 'manual__2025-03-03T23:52:22.517644+00:00', '--job-id', '7', '--raw', '--subdir', 'DAGS_FOLDER/fraud_detection_training_dag.py', '--cfg-path', '/tmp/tmpkpaiic1_']
[2025-03-03T23:52:26.606+0000] {standard_task_runner.py:105} INFO - Job 7: Subtask execute_training
[2025-03-03T23:52:26.755+0000] {task_command.py:467} INFO - Running <TaskInstance: fraud_detection_training.execute_training manual__2025-03-03T23:52:22.517644+00:00 [running]> on host b7f28f610775
[2025-03-03T23:52:26.970+0000] {taskinstance.py:3134} INFO - Exporting env vars: AIRFLOW_CTX_DAG_OWNER='datamasterylab.com' AIRFLOW_CTX_DAG_ID='fraud_detection_training' AIRFLOW_CTX_TASK_ID='execute_training' AIRFLOW_CTX_EXECUTION_DATE='2025-03-03T23:52:22.517644+00:00' AIRFLOW_CTX_TRY_NUMBER='1' AIRFLOW_CTX_DAG_RUN_ID='manual__2025-03-03T23:52:22.517644+00:00'
[2025-03-03T23:52:26.971+0000] {taskinstance.py:732} INFO - ::endgroup::
[2025-03-03T23:52:28.779+0000] {fraud_detection_training_dag.py:23} INFO - Initializing fraud detection training
[2025-03-03T23:52:28.784+0000] {fraud_detection_training.py:43} INFO - Configuration loaded successfully
[2025-03-03T23:52:28.887+0000] {fraud_detection_training.py:68} INFO - Minio connection verified. Buckets: ['mlflow']
[2025-03-03T23:52:29.148+0000] {logging_mixin.py:190} WARNING - 2025/03/03 23:52:29 INFO mlflow.tracking.fluent: Experiment with name 'fraud_detection' does not exist. Creating a new experiment.
[2025-03-03T23:52:29.185+0000] {python.py:240} INFO - Done. Returned value was: {'status': 'success'}
[2025-03-03T23:52:29.298+0000] {taskinstance.py:341} INFO - ::group::Post task execution logs
[2025-03-03T23:52:29.299+0000] {taskinstance.py:353} INFO - Marking task as SUCCESS. dag_id=fraud_detection_training, task_id=execute_training, run_id=manual__2025-03-03T23:52:22.517644+00:00, execution_date=20250303T235222, start_date=20250303T235226, end_date=20250303T235229
[2025-03-03T23:52:29.424+0000] {local_task_job_runner.py:266} INFO - Task exited with return code 0
[2025-03-03T23:52:29.494+0000] {taskinstance.py:3901} INFO - 1 downstream tasks scheduled from follow-on schedule check
[2025-03-03T23:52:29.498+0000] {local_task_job_runner.py:245} INFO - ::endgroup::
